<?xml version="1.0" encoding="UTF-8"?>
<!-- Generated by org.testng.reporters.JUnitReportReporter -->
<testsuite hostname="DESKTOP-SB77N2B" failures="0" tests="1" name="testfile.CommunicationsTest" time="42.913" errors="0" timestamp="2025-06-25T18:45:19 IST" skipped="0">
  <testcase classname="testfile.CommunicationsTest" name="sendNotifications" time="42.913"/>
  <system-out/>
</testsuite> <!-- testfile.CommunicationsTest -->
