<?xml version="1.0" encoding="UTF-8"?>
<!-- Generated by org.testng.reporters.JUnitReportReporter -->
<testsuite hostname="DESKTOP-SB77N2B" failures="0" tests="1" name="testfile.StaffLoginTest" time="7.986" errors="0" timestamp="2025-09-20T14:29:28 IST" skipped="0">
  <testcase classname="testfile.StaffLoginTest" name="testValidLogin" time="7.986"/>
  <system-out/>
</testsuite> <!-- testfile.StaffLoginTest -->
