<?xml version="1.0" encoding="UTF-8"?>
<!-- Generated by org.testng.reporters.JUnitReportReporter -->
<testsuite hostname="DESKTOP-SB77N2B" failures="0" tests="1" name="testfile.StaffLoginTest" time="21.485" errors="0" timestamp="2025-05-07T17:47:22 IST" skipped="0">
  <testcase classname="testfile.StaffLoginTest" name="testValidLogin" time="21.485"/>
  <system-out/>
</testsuite> <!-- testfile.StaffLoginTest -->
