<?xml version="1.0" encoding="UTF-8"?>
<!-- Generated by org.testng.reporters.JUnitReportReporter -->
<testsuite hostname="DESKTOP-SB77N2B" failures="0" tests="1" name="testfile.EnquiryTest" time="27.834" errors="0" timestamp="2025-04-30T10:30:11 IST" skipped="0">
  <testcase classname="testfile.EnquiryTest" name="addEnquiry" time="27.834"/>
  <system-out/>
</testsuite> <!-- testfile.EnquiryTest -->
