<?xml version="1.0" encoding="UTF-8"?>
<!-- Generated by org.testng.reporters.JUnitReportReporter -->
<testsuite hostname="DESKTOP-SB77N2B" failures="0" tests="1" name="testfile.EnquiryTest" time="16.338" errors="0" timestamp="2025-04-27T01:13:00 IST" skipped="0">
  <testcase classname="testfile.EnquiryTest" name="addEnquiry" time="16.338"/>
  <system-out/>
</testsuite> <!-- testfile.EnquiryTest -->
