<?xml version="1.0" encoding="UTF-8"?>
<!-- Generated by org.testng.reporters.JUnitReportReporter -->
<testsuite hostname="DESKTOP-SB77N2B" failures="0" tests="1" name="testfile.TestWin" time="15.735" errors="0" timestamp="2025-06-02T11:12:28 IST" skipped="0">
  <testcase classname="testfile.TestWin" name="closeWin" time="15.735"/>
  <system-out/>
</testsuite> <!-- testfile.TestWin -->
