<?xml version="1.0" encoding="UTF-8"?>
<!-- Generated by org.testng.reporters.JUnitReportReporter -->
<testsuite hostname="DESKTOP-SB77N2B" failures="0" tests="1" name="testfile.EnquiryTest" time="24.188" errors="0" timestamp="2025-06-28T18:50:33 IST" skipped="0">
  <testcase classname="testfile.EnquiryTest" name="demo" time="24.188"/>
  <system-out/>
</testsuite> <!-- testfile.EnquiryTest -->
